Hmm ... looks like a package
This is pdfTeX, Version 3.14159265-2.6-1.40.19 (TeX Live 2018/W32TeX) (preloaded format=pdflatex)
 restricted \write18 enabled.
entering extended mode
(./Rd2.tex
LaTeX2e <2018-04-01> patch level 5

(c:/Users/gdiaz/AppData/Roaming/TinyTeX/texmf-dist/tex/latex/base/book.cls
Document Class: book 2014/09/29 v1.4h Standard LaTeX document class
(c:/Users/gdiaz/AppData/Roaming/TinyTeX/texmf-dist/tex/latex/base/bk10.clo))
(c:/Users/gdiaz/Documents/R/R-4.1.2/share/texmf/tex/latex/Rd.sty
(c:/Users/gdiaz/AppData/Roaming/TinyTeX/texmf-dist/tex/latex/base/ifthen.sty)
(c:/Users/gdiaz/AppData/Roaming/TinyTeX/texmf-dist/tex/latex/tools/longtable.st
y) (c:/Users/gdiaz/AppData/Roaming/TinyTeX/texmf-dist/tex/latex/tools/bm.sty)
(c:/Users/gdiaz/AppData/Roaming/TinyTeX/texmf-dist/tex/latex/base/alltt.sty)
(c:/Users/gdiaz/AppData/Roaming/TinyTeX/texmf-dist/tex/latex/tools/verbatim.sty
) (c:/Users/gdiaz/AppData/Roaming/TinyTeX/texmf-dist/tex/latex/url/url.sty)
(c:/Users/gdiaz/AppData/Roaming/TinyTeX/texmf-dist/tex/latex/base/textcomp.sty
(c:/Users/gdiaz/AppData/Roaming/TinyTeX/texmf-dist/tex/latex/base/ts1enc.def
(c:/Users/gdiaz/AppData/Roaming/TinyTeX/texmf-dist/tex/latex/base/ts1enc.dfu)))

(c:/Users/gdiaz/AppData/Roaming/TinyTeX/texmf-dist/tex/latex/inconsolata/zi4.st
y `inconsolata-zi4' v1.112, 2017/01/04 Text macros for Inconsolata (msharpe)
(c:/Users/gdiaz/AppData/Roaming/TinyTeX/texmf-dist/tex/latex/xkeyval/xkeyval.st
y
(c:/Users/gdiaz/AppData/Roaming/TinyTeX/texmf-dist/tex/generic/xkeyval/xkeyval.
tex
(c:/Users/gdiaz/AppData/Roaming/TinyTeX/texmf-dist/tex/generic/xkeyval/xkvutils
.tex
(c:/Users/gdiaz/AppData/Roaming/TinyTeX/texmf-dist/tex/generic/xkeyval/keyval.t
ex)))))
(c:/Users/gdiaz/AppData/Roaming/TinyTeX/texmf-dist/tex/latex/graphics/color.sty

(c:/Users/gdiaz/AppData/Roaming/TinyTeX/texmf-dist/tex/latex/graphics-cfg/color
.cfg)
(c:/Users/gdiaz/AppData/Roaming/TinyTeX/texmf-dist/tex/latex/graphics-def/pdfte
x.def))
(c:/Users/gdiaz/AppData/Roaming/TinyTeX/texmf-dist/tex/latex/hyperref/hyperref.
sty
(c:/Users/gdiaz/AppData/Roaming/TinyTeX/texmf-dist/tex/generic/oberdiek/hobsub-
hyperref.sty
(c:/Users/gdiaz/AppData/Roaming/TinyTeX/texmf-dist/tex/generic/oberdiek/hobsub-
generic.sty))
(c:/Users/gdiaz/AppData/Roaming/TinyTeX/texmf-dist/tex/generic/ifxetex/ifxetex.
sty)
(c:/Users/gdiaz/AppData/Roaming/TinyTeX/texmf-dist/tex/latex/oberdiek/auxhook.s
ty)
(c:/Users/gdiaz/AppData/Roaming/TinyTeX/texmf-dist/tex/latex/oberdiek/kvoptions
.sty)
(c:/Users/gdiaz/AppData/Roaming/TinyTeX/texmf-dist/tex/latex/hyperref/pd1enc.de
f)
(c:/Users/gdiaz/AppData/Roaming/TinyTeX/texmf-dist/tex/latex/latexconfig/hyperr
ef.cfg))
(c:/Users/gdiaz/AppData/Roaming/TinyTeX/texmf-dist/tex/latex/hyperref/hpdftex.d
ef
(c:/Users/gdiaz/AppData/Roaming/TinyTeX/texmf-dist/tex/latex/oberdiek/rerunfile
check.sty))

Package hyperref Warning: Option `hyperindex' has already been used,
(hyperref)                setting the option has no effect on input line 377.


Package hyperref Warning: Option `pagebackref' has already been used,
(hyperref)                setting the option has no effect on input line 377.

) (c:/Users/gdiaz/AppData/Roaming/TinyTeX/texmf-dist/tex/latex/base/makeidx.sty
)
(c:/Users/gdiaz/AppData/Roaming/TinyTeX/texmf-dist/tex/latex/base/inputenc.sty)
Writing index file Rd2.idx
No file Rd2.aux.
(c:/Users/gdiaz/AppData/Roaming/TinyTeX/texmf-dist/tex/latex/base/ts1cmr.fd)
(c:/Users/gdiaz/AppData/Roaming/TinyTeX/texmf-dist/tex/latex/hyperref/nameref.s
ty
(c:/Users/gdiaz/AppData/Roaming/TinyTeX/texmf-dist/tex/generic/oberdiek/gettitl
estring.sty))
(c:/Users/gdiaz/AppData/Roaming/TinyTeX/texmf-dist/tex/latex/inconsolata/ot1zi4
.fd)

LaTeX Font Warning: Font shape `OML/zi4/m/n' undefined
(Font)              using `OML/cmm/m/it' instead
(Font)              for symbol `textless' on input line 38.

[1{c:/Users/gdiaz/AppData/Roaming/TinyTeX/texmf-var/fonts/map/pdftex/updmap/pdf
tex.map}] [2]
Overfull \hbox (22.67pt too wide) in paragraph at lines 132--141
[]\OT1/cmr/m/n/10 Other Lens func-tions: [][]\OT1/zi4/m/n/10 calc[]diameter[][]
[]()\OT1/cmr/m/n/10 , [][]\OT1/zi4/m/n/10 calc[]zenith[]raster[]coordinates[][]
[]()\OT1/cmr/m/n/10 , [][]\OT1/zi4/m/n/10 calibrate[]lens[][][]()\OT1/cmr/m/n/1
0 ,

Overfull \hbox (27.26984pt too wide) in paragraph at lines 132--141
[][]\OT1/zi4/m/n/10 expand[]noncircular[][][]()\OT1/cmr/m/n/10 , [][]\OT1/zi4/m
/n/10 lens[][][]()\OT1/cmr/m/n/10 , [][]\OT1/zi4/m/n/10 reproject[]to[]equidist
ant[][][]()\OT1/cmr/m/n/10 , [][]\OT1/zi4/m/n/10 test[]lens[]coef[][][]()\OT1/c
mr/m/n/10 , [][]\OT1/zi4/m/n/10 zenith[]image[][][]() 

Overfull \hbox (22.67pt too wide) in paragraph at lines 207--216
[]\OT1/cmr/m/n/10 Other Lens func-tions: [][]\OT1/zi4/m/n/10 azimuth[]image[][]
[]()\OT1/cmr/m/n/10 , [][]\OT1/zi4/m/n/10 calc[]zenith[]raster[]coordinates[][]
[]()\OT1/cmr/m/n/10 , [][]\OT1/zi4/m/n/10 calibrate[]lens[][][]()\OT1/cmr/m/n/1
0 ,

Overfull \hbox (27.26984pt too wide) in paragraph at lines 207--216
[][]\OT1/zi4/m/n/10 expand[]noncircular[][][]()\OT1/cmr/m/n/10 , [][]\OT1/zi4/m
/n/10 lens[][][]()\OT1/cmr/m/n/10 , [][]\OT1/zi4/m/n/10 reproject[]to[]equidist
ant[][][]()\OT1/cmr/m/n/10 , [][]\OT1/zi4/m/n/10 test[]lens[]coef[][][]()\OT1/c
mr/m/n/10 , [][]\OT1/zi4/m/n/10 zenith[]image[][][]() 
[3]
Overfull \hbox (44.29222pt too wide) in paragraph at lines 288--297
[]\OT1/cmr/m/n/10 Other Lens func-tions: [][]\OT1/zi4/m/n/10 azimuth[]image[][]
[]()\OT1/cmr/m/n/10 , [][]\OT1/zi4/m/n/10 calc[]diameter[][][]()\OT1/cmr/m/n/10
 , [][]\OT1/zi4/m/n/10 calibrate[]lens[][][]()\OT1/cmr/m/n/10 , [][]\OT1/zi4/m/
n/10 expand[]noncircular[][][]()\OT1/cmr/m/n/10 ,
[4] [5]
Overfull \hbox (7.02785pt too wide) in paragraph at lines 381--385
[]\OT1/cmr/m/n/10 An ob-ject of class list with named el-e-ments. `lens[]coef' 
stands for lens co-ef-fi-cients, `max[]theta'

Overfull \hbox (3.471pt too wide) in paragraph at lines 388--392
\OT1/cmr/m/it/10 Agri-cul-tural and For-est Me-te-o-rol-ogy\OT1/cmr/m/n/10 , \O
T1/cmr/bx/n/10 44\OT1/cmr/m/n/10 (1), 19--25. doi: [][]10.1016/0168-1923(88)900
30-5[][], [][]$\OT1/zi4/m/n/10 https :

Overfull \hbox (17.67pt too wide) in paragraph at lines 395--404
[]\OT1/cmr/m/n/10 Other Lens func-tions: [][]\OT1/zi4/m/n/10 azimuth[]image[][]
[]()\OT1/cmr/m/n/10 , [][]\OT1/zi4/m/n/10 calc[]diameter[][][]()\OT1/cmr/m/n/10
 , [][]\OT1/zi4/m/n/10 calc[]zenith[]raster[]coordinates[][][]()\OT1/cmr/m/n/10
 ,

Overfull \hbox (27.26984pt too wide) in paragraph at lines 395--404
[][]\OT1/zi4/m/n/10 expand[]noncircular[][][]()\OT1/cmr/m/n/10 , [][]\OT1/zi4/m
/n/10 lens[][][]()\OT1/cmr/m/n/10 , [][]\OT1/zi4/m/n/10 reproject[]to[]equidist
ant[][][]()\OT1/cmr/m/n/10 , [][]\OT1/zi4/m/n/10 test[]lens[]coef[][][]()\OT1/c
mr/m/n/10 , [][]\OT1/zi4/m/n/10 zenith[]image[][][]() 
[6]
Overfull \hbox (0.75854pt too wide) in paragraph at lines 451--453
[][][]\OT1/cmr/m/n/10 color[][][]. Is the \OT1/zi4/m/n/10 target[]color \OT1/cm
r/m/n/10 ar-gu-ment to be passed to [][]\OT1/zi4/m/n/10 membership[]to[]color[]
[][]\OT1/cmr/m/n/10 .

Overfull \hbox (10.9188pt too wide) in paragraph at lines 468--472
\OT1/cmr/m/n/10 Pho-tog-ra-phy.'' \OT1/cmr/m/it/10 IEEE Geo-science and Re-mote
 Sens-ing Let-ters\OT1/cmr/m/n/10 , \OT1/cmr/bx/n/10 12\OT1/cmr/m/n/10 (8), 178
5--1789. doi: [][]10.1109/
[7]
Overfull \hbox (17.67pt too wide) in paragraph at lines 521--530
[]\OT1/cmr/m/n/10 Other Lens func-tions: [][]\OT1/zi4/m/n/10 azimuth[]image[][]
[]()\OT1/cmr/m/n/10 , [][]\OT1/zi4/m/n/10 calc[]diameter[][][]()\OT1/cmr/m/n/10
 , [][]\OT1/zi4/m/n/10 calc[]zenith[]raster[]coordinates[][][]()\OT1/cmr/m/n/10
 ,

Overfull \hbox (7.26984pt too wide) in paragraph at lines 521--530
[][]\OT1/zi4/m/n/10 calibrate[]lens[][][]()\OT1/cmr/m/n/10 , [][]\OT1/zi4/m/n/1
0 lens[][][]()\OT1/cmr/m/n/10 , [][]\OT1/zi4/m/n/10 reproject[]to[]equidistant[
][][]()\OT1/cmr/m/n/10 , [][]\OT1/zi4/m/n/10 test[]lens[]coef[][][]()\OT1/cmr/m
/n/10 , [][]\OT1/zi4/m/n/10 zenith[]image[][][]() 
[8]
Overfull \hbox (14.33113pt too wide) in paragraph at lines 590--600
[]\OT1/cmr/m/n/10 Other Tools func-tions: [][]\OT1/zi4/m/n/10 apply[]thr[][][](
)\OT1/cmr/m/n/10 , [][]\OT1/zi4/m/n/10 gbc[][][]()\OT1/cmr/m/n/10 , [][]\OT1/zi
4/m/n/10 masking[][][]()\OT1/cmr/m/n/10 , [][]\OT1/zi4/m/n/10 normalize[][][]()
\OT1/cmr/m/n/10 , [][]\OT1/zi4/m/n/10 read[]bin[][][]()\OT1/cmr/m/n/10 , [][]\O
T1/zi4/m/n/10 read[]caim[][][]()\OT1/cmr/m/n/10 ,
[9]
Overfull \hbox (36.00783pt too wide) in paragraph at lines 663--668
[]\OT1/cmr/m/n/10 Other MBLT func-tions: [][]\OT1/zi4/m/n/10 fit[]cone[]shaped[
]model[][][]()\OT1/cmr/m/n/10 , [][]\OT1/zi4/m/n/10 fit[]trend[]surface[][][]()
\OT1/cmr/m/n/10 , [][]\OT1/zi4/m/n/10 ootb[]mblt[][][]()\OT1/cmr/m/n/10 , [][]\
OT1/zi4/m/n/10 thr[]image[][][]() 
[10]
Underfull \hbox (badness 10000) in paragraph at lines 764--771

[11] [12]
Overfull \hbox (11.00783pt too wide) in paragraph at lines 882--887
[]\OT1/cmr/m/n/10 Other MBLT func-tions: [][]\OT1/zi4/m/n/10 find[]sky[]dns[][]
[]()\OT1/cmr/m/n/10 , [][]\OT1/zi4/m/n/10 fit[]cone[]shaped[]model[][][]()\OT1/
cmr/m/n/10 , [][]\OT1/zi4/m/n/10 ootb[]mblt[][][]()\OT1/cmr/m/n/10 , [][]\OT1/z
i4/m/n/10 thr[]image[][][]() 
[13]
Overfull \hbox (14.1089pt too wide) in paragraph at lines 944--954
[]\OT1/cmr/m/n/10 Other Tools func-tions: [][]\OT1/zi4/m/n/10 apply[]thr[][][](
)\OT1/cmr/m/n/10 , [][]\OT1/zi4/m/n/10 extract[]feature[][][]()\OT1/cmr/m/n/10 
, [][]\OT1/zi4/m/n/10 masking[][][]()\OT1/cmr/m/n/10 , [][]\OT1/zi4/m/n/10 norm
alize[][][]()\OT1/cmr/m/n/10 , [][]\OT1/zi4/m/n/10 read[]bin[][][]()\OT1/cmr/m/
n/10 ,
[14]
Underfull \hbox (badness 10000) in paragraph at lines 1006--1016


Underfull \hbox (badness 10000) in paragraph at lines 1006--1016


Overfull \hbox (13.70456pt too wide) in paragraph at lines 1006--1016
\OT1/cmr/m/n/10 lenses.'' \OT1/cmr/m/it/10 IS-PRS Jour-nal of Pho-togram-me-try
 and Re-mote Sens-ing\OT1/cmr/m/n/10 , \OT1/cmr/bx/n/10 64\OT1/cmr/m/n/10 (3), 
259--266. doi: [][]10.1016/

Overfull \hbox (17.67pt too wide) in paragraph at lines 1019--1028
[]\OT1/cmr/m/n/10 Other Lens func-tions: [][]\OT1/zi4/m/n/10 azimuth[]image[][]
[]()\OT1/cmr/m/n/10 , [][]\OT1/zi4/m/n/10 calc[]diameter[][][]()\OT1/cmr/m/n/10
 , [][]\OT1/zi4/m/n/10 calc[]zenith[]raster[]coordinates[][][]()\OT1/cmr/m/n/10
 ,

Overfull \hbox (4.8254pt too wide) in paragraph at lines 1019--1028
[][]\OT1/zi4/m/n/10 calibrate[]lens[][][]()\OT1/cmr/m/n/10 , [][]\OT1/zi4/m/n/1
0 expand[]noncircular[][][]()\OT1/cmr/m/n/10 , [][]\OT1/zi4/m/n/10 reproject[]t
o[]equidistant[][][]()\OT1/cmr/m/n/10 , [][]\OT1/zi4/m/n/10 test[]lens[]coef[][
][]()\OT1/cmr/m/n/10 ,
[15]
Overfull \hbox (10.9188pt too wide) in paragraph at lines 1088--1092
\OT1/cmr/m/n/10 Pho-tog-ra-phy.'' \OT1/cmr/m/it/10 IEEE Geo-science and Re-mote
 Sens-ing Let-ters\OT1/cmr/m/n/10 , \OT1/cmr/bx/n/10 12\OT1/cmr/m/n/10 (8), 178
5--1789. doi: [][]10.1109/
[16]
(c:/Users/gdiaz/AppData/Roaming/TinyTeX/texmf-dist/tex/latex/inconsolata/ts1zi4
.fd) [17]
Overfull \hbox (70.26454pt too wide) in paragraph at lines 1211--1215
[]\OT1/cmr/m/n/10 Other Seg-men-ta-tion func-tions: [][]\OT1/zi4/m/n/10 rings[]
segmentation[][][]()\OT1/cmr/m/n/10 , [][]\OT1/zi4/m/n/10 sectors[]segmentation
[][][]()\OT1/cmr/m/n/10 , [][]\OT1/zi4/m/n/10 sky[]grid[]segmentation[][][]() 
[18]
Overfull \hbox (10.9188pt too wide) in paragraph at lines 1280--1284
\OT1/cmr/m/n/10 Pho-tog-ra-phy.'' \OT1/cmr/m/it/10 IEEE Geo-science and Re-mote
 Sens-ing Let-ters\OT1/cmr/m/n/10 , \OT1/cmr/bx/n/10 12\OT1/cmr/m/n/10 (8), 178
5--1789. doi: [][]10.1109/
[19] [20] [21] [22] [23]
Overfull \hbox (6.86769pt too wide) in paragraph at lines 1664--1668
[]\OT1/cmr/b/n/10 Methods from au-tothresh-oldr pack-age\OT1/cmr/m/n/10 : this 
func-tion can call meth-ods from [][]\OT1/zi4/m/n/10 auto[]thresh[][][]\OT1/cmr
/m/n/10 .

Underfull \hbox (badness 10000) in paragraph at lines 1677--1687


Underfull \hbox (badness 10000) in paragraph at lines 1677--1687

[24] [25]
Overfull \hbox (17.67pt too wide) in paragraph at lines 1753--1762
[]\OT1/cmr/m/n/10 Other Lens func-tions: [][]\OT1/zi4/m/n/10 azimuth[]image[][]
[]()\OT1/cmr/m/n/10 , [][]\OT1/zi4/m/n/10 calc[]diameter[][][]()\OT1/cmr/m/n/10
 , [][]\OT1/zi4/m/n/10 calc[]zenith[]raster[]coordinates[][][]()\OT1/cmr/m/n/10
 ,

Overfull \hbox (15.26454pt too wide) in paragraph at lines 1814--1818
[]\OT1/cmr/m/n/10 Other Seg-men-ta-tion func-tions: [][]\OT1/zi4/m/n/10 mask[]h
s[][][]()\OT1/cmr/m/n/10 , [][]\OT1/zi4/m/n/10 sectors[]segmentation[][][]()\OT
1/cmr/m/n/10 , [][]\OT1/zi4/m/n/10 sky[]grid[]segmentation[][][]() 
[26]
Overfull \hbox (5.26454pt too wide) in paragraph at lines 1861--1865
[]\OT1/cmr/m/n/10 Other Seg-men-ta-tion func-tions: [][]\OT1/zi4/m/n/10 mask[]h
s[][][]()\OT1/cmr/m/n/10 , [][]\OT1/zi4/m/n/10 rings[]segmentation[][][]()\OT1/
cmr/m/n/10 , [][]\OT1/zi4/m/n/10 sky[]grid[]segmentation[][][]() 
[27]
Overfull \hbox (39.5697pt too wide) in paragraph at lines 1898--1903
[]\OT1/cmr/m/n/10 Numeric vec-tor of length one. It should be \OT1/zi4/m/n/10 3
0,15,10,7.5,6,5,3.75,3,2.5,1.875,1

Overfull \hbox (1.66454pt too wide) in paragraph at lines 1927--1931
[]\OT1/cmr/m/n/10 Other Seg-men-ta-tion func-tions: [][]\OT1/zi4/m/n/10 mask[]h
s[][][]()\OT1/cmr/m/n/10 , [][]\OT1/zi4/m/n/10 rings[]segmentation[][][]()\OT1/
cmr/m/n/10 , [][]\OT1/zi4/m/n/10 sectors[]segmentation[][][]() 
[28]
Overfull \hbox (17.67pt too wide) in paragraph at lines 1968--1977
[]\OT1/cmr/m/n/10 Other Lens func-tions: [][]\OT1/zi4/m/n/10 azimuth[]image[][]
[]()\OT1/cmr/m/n/10 , [][]\OT1/zi4/m/n/10 calc[]diameter[][][]()\OT1/cmr/m/n/10
 , [][]\OT1/zi4/m/n/10 calc[]zenith[]raster[]coordinates[][][]()\OT1/cmr/m/n/10
 ,

Overfull \hbox (28.66983pt too wide) in paragraph at lines 1968--1977
[][]\OT1/zi4/m/n/10 calibrate[]lens[][][]()\OT1/cmr/m/n/10 , [][]\OT1/zi4/m/n/1
0 expand[]noncircular[][][]()\OT1/cmr/m/n/10 , [][]\OT1/zi4/m/n/10 lens[][][]()
\OT1/cmr/m/n/10 , [][]\OT1/zi4/m/n/10 reproject[]to[]equidistant[][][]()\OT1/cm
r/m/n/10 , [][]\OT1/zi4/m/n/10 zenith[]image[][][]() 
[29] [30] [31]
Overfull \hbox (17.67pt too wide) in paragraph at lines 2190--2199
[]\OT1/cmr/m/n/10 Other Lens func-tions: [][]\OT1/zi4/m/n/10 azimuth[]image[][]
[]()\OT1/cmr/m/n/10 , [][]\OT1/zi4/m/n/10 calc[]diameter[][][]()\OT1/cmr/m/n/10
 , [][]\OT1/zi4/m/n/10 calc[]zenith[]raster[]coordinates[][][]()\OT1/cmr/m/n/10
 ,

Overfull \hbox (37.26984pt too wide) in paragraph at lines 2190--2199
[][]\OT1/zi4/m/n/10 calibrate[]lens[][][]()\OT1/cmr/m/n/10 , [][]\OT1/zi4/m/n/1
0 expand[]noncircular[][][]()\OT1/cmr/m/n/10 , [][]\OT1/zi4/m/n/10 lens[][][]()
\OT1/cmr/m/n/10 , [][]\OT1/zi4/m/n/10 reproject[]to[]equidistant[][][]()\OT1/cm
r/m/n/10 , [][]\OT1/zi4/m/n/10 test[]lens[]coef[][][]() 
No file Rd2.ind.
[32] (./Rd2.aux)

Package rerunfilecheck Warning: File `Rd2.out' has changed.
(rerunfilecheck)                Rerun to get outlines right
(rerunfilecheck)                or use package `bookmark'.


LaTeX Font Warning: Some font shapes were not available, defaults substituted.

 )
(see the transcript file for additional information)pdfTeX warning (dest): name
{Rfn.writeRaster} has been referenced but does not exist, replaced by a fixed o
ne

pdfTeX warning (dest): name{Rfn.raster} has been referenced but does not exist,
 replaced by a fixed one

pdfTeX warning (dest): name{Rfn.RasterStack.Rdash.class} has been referenced bu
t does not exist, replaced by a fixed one

pdfTeX warning (dest): name{Rfn.auto.Rul.thresh} has been referenced but does n
ot exist, replaced by a fixed one

pdfTeX warning (dest): name{Rfn.Raster.Rdash.class} has been referenced but doe
s not exist, replaced by a fixed one

pdfTeX warning (dest): name{Rfn.surf.ls} has been referenced but does not exist
, replaced by a fixed one

pdfTeX warning (dest): name{Rfn.aggregate} has been referenced but does not exi
st, replaced by a fixed one

pdfTeX warning (dest): name{Rfn.lm} has been referenced but does not exist, rep
laced by a fixed one

pdfTeX warning (dest): name{Rfn.detectCores} has been referenced but does not e
xist, replaced by a fixed one

pdfTeX warning (dest): name{Rfn.quantile} has been referenced but does not exis
t, replaced by a fixed one

pdfTeX warning (dest): name{Rfn.color.Rdash.class} has been referenced but does
 not exist, replaced by a fixed one

pdfTeX warning (dest): name{Rfn.RasterBrick.Rdash.class} has been referenced bu
t does not exist, replaced by a fixed one

pdfTeX warning (dest): name{Rfn.RasterLayer.Rdash.class} has been referenced bu
t does not exist, replaced by a fixed one

{c:/Users/gdiaz/AppData/Roaming/TinyTeX/texmf-dist/fonts/enc/dvips/inconsolata/
i4-ts1.enc} <c:/Users/gdiaz/Documents/.TinyTeX/texmf-var/fonts/pk/ljfour/jknapp
en/ec/tcrm1000.600pk>{c:/Users/gdiaz/AppData/Roaming/TinyTeX/texmf-dist/fonts/e
nc/dvips/inconsolata/i4-ot1-0.enc}<c:/Users/gdiaz/AppData/Roaming/TinyTeX/texmf
-dist/fonts/type1/public/inconsolata/Inconsolata-zi4r.pfb><c:/Users/gdiaz/AppDa
ta/Roaming/TinyTeX/texmf-dist/fonts/type1/public/amsfonts/cm/cmb10.pfb><c:/User
s/gdiaz/AppData/Roaming/TinyTeX/texmf-dist/fonts/type1/public/amsfonts/cm/cmbx1
0.pfb><c:/Users/gdiaz/AppData/Roaming/TinyTeX/texmf-dist/fonts/type1/public/ams
fonts/cm/cmbx12.pfb><c:/Users/gdiaz/AppData/Roaming/TinyTeX/texmf-dist/fonts/ty
pe1/public/amsfonts/cm/cmmi10.pfb><c:/Users/gdiaz/AppData/Roaming/TinyTeX/texmf
-dist/fonts/type1/public/amsfonts/cm/cmr10.pfb><c:/Users/gdiaz/AppData/Roaming/
TinyTeX/texmf-dist/fonts/type1/public/amsfonts/cm/cmr12.pfb><c:/Users/gdiaz/App
Data/Roaming/TinyTeX/texmf-dist/fonts/type1/public/amsfonts/cm/cmr7.pfb><c:/Use
rs/gdiaz/AppData/Roaming/TinyTeX/texmf-dist/fonts/type1/public/amsfonts/cm/cmsl
10.pfb><c:/Users/gdiaz/AppData/Roaming/TinyTeX/texmf-dist/fonts/type1/public/am
sfonts/cm/cmss12.pfb><c:/Users/gdiaz/AppData/Roaming/TinyTeX/texmf-dist/fonts/t
ype1/public/amsfonts/cm/cmsy10.pfb><c:/Users/gdiaz/AppData/Roaming/TinyTeX/texm
f-dist/fonts/type1/public/amsfonts/cm/cmti10.pfb>
Output written on Rd2.pdf (32 pages, 264282 bytes).
Transcript written on Rd2.log.
This is makeindex, version 2.15 [TeX Live 2018/W32TeX] (kpathsea + Thai support).
Scanning input file Rd2.idx....done (421 entries accepted, 0 rejected).
Sorting entries......done (4079 comparisons).
Generating output file Rd2.ind....done (312 lines written, 8 warnings).
Output written in Rd2.ind.
Transcript written in Rd2.ilg.
This is pdfTeX, Version 3.14159265-2.6-1.40.19 (TeX Live 2018/W32TeX) (preloaded format=pdflatex)
 restricted \write18 enabled.
entering extended mode
(./Rd2.tex
LaTeX2e <2018-04-01> patch level 5

(c:/Users/gdiaz/AppData/Roaming/TinyTeX/texmf-dist/tex/latex/base/book.cls
Document Class: book 2014/09/29 v1.4h Standard LaTeX document class
(c:/Users/gdiaz/AppData/Roaming/TinyTeX/texmf-dist/tex/latex/base/bk10.clo))
(c:/Users/gdiaz/Documents/R/R-4.1.2/share/texmf/tex/latex/Rd.sty
(c:/Users/gdiaz/AppData/Roaming/TinyTeX/texmf-dist/tex/latex/base/ifthen.sty)
(c:/Users/gdiaz/AppData/Roaming/TinyTeX/texmf-dist/tex/latex/tools/longtable.st
y) (c:/Users/gdiaz/AppData/Roaming/TinyTeX/texmf-dist/tex/latex/tools/bm.sty)
(c:/Users/gdiaz/AppData/Roaming/TinyTeX/texmf-dist/tex/latex/base/alltt.sty)
(c:/Users/gdiaz/AppData/Roaming/TinyTeX/texmf-dist/tex/latex/tools/verbatim.sty
) (c:/Users/gdiaz/AppData/Roaming/TinyTeX/texmf-dist/tex/latex/url/url.sty)
(c:/Users/gdiaz/AppData/Roaming/TinyTeX/texmf-dist/tex/latex/base/textcomp.sty
(c:/Users/gdiaz/AppData/Roaming/TinyTeX/texmf-dist/tex/latex/base/ts1enc.def
(c:/Users/gdiaz/AppData/Roaming/TinyTeX/texmf-dist/tex/latex/base/ts1enc.dfu)))

(c:/Users/gdiaz/AppData/Roaming/TinyTeX/texmf-dist/tex/latex/inconsolata/zi4.st
y `inconsolata-zi4' v1.112, 2017/01/04 Text macros for Inconsolata (msharpe)
(c:/Users/gdiaz/AppData/Roaming/TinyTeX/texmf-dist/tex/latex/xkeyval/xkeyval.st
y
(c:/Users/gdiaz/AppData/Roaming/TinyTeX/texmf-dist/tex/generic/xkeyval/xkeyval.
tex
(c:/Users/gdiaz/AppData/Roaming/TinyTeX/texmf-dist/tex/generic/xkeyval/xkvutils
.tex
(c:/Users/gdiaz/AppData/Roaming/TinyTeX/texmf-dist/tex/generic/xkeyval/keyval.t
ex)))))
(c:/Users/gdiaz/AppData/Roaming/TinyTeX/texmf-dist/tex/latex/graphics/color.sty

(c:/Users/gdiaz/AppData/Roaming/TinyTeX/texmf-dist/tex/latex/graphics-cfg/color
.cfg)
(c:/Users/gdiaz/AppData/Roaming/TinyTeX/texmf-dist/tex/latex/graphics-def/pdfte
x.def))
(c:/Users/gdiaz/AppData/Roaming/TinyTeX/texmf-dist/tex/latex/hyperref/hyperref.
sty
(c:/Users/gdiaz/AppData/Roaming/TinyTeX/texmf-dist/tex/generic/oberdiek/hobsub-
hyperref.sty
(c:/Users/gdiaz/AppData/Roaming/TinyTeX/texmf-dist/tex/generic/oberdiek/hobsub-
generic.sty))
(c:/Users/gdiaz/AppData/Roaming/TinyTeX/texmf-dist/tex/generic/ifxetex/ifxetex.
sty)
(c:/Users/gdiaz/AppData/Roaming/TinyTeX/texmf-dist/tex/latex/oberdiek/auxhook.s
ty)
(c:/Users/gdiaz/AppData/Roaming/TinyTeX/texmf-dist/tex/latex/oberdiek/kvoptions
.sty)
(c:/Users/gdiaz/AppData/Roaming/TinyTeX/texmf-dist/tex/latex/hyperref/pd1enc.de
f)
(c:/Users/gdiaz/AppData/Roaming/TinyTeX/texmf-dist/tex/latex/latexconfig/hyperr
ef.cfg))
(c:/Users/gdiaz/AppData/Roaming/TinyTeX/texmf-dist/tex/latex/hyperref/hpdftex.d
ef
(c:/Users/gdiaz/AppData/Roaming/TinyTeX/texmf-dist/tex/latex/oberdiek/rerunfile
check.sty))

Package hyperref Warning: Option `hyperindex' has already been used,
(hyperref)                setting the option has no effect on input line 377.


Package hyperref Warning: Option `pagebackref' has already been used,
(hyperref)                setting the option has no effect on input line 377.

) (c:/Users/gdiaz/AppData/Roaming/TinyTeX/texmf-dist/tex/latex/base/makeidx.sty
)
(c:/Users/gdiaz/AppData/Roaming/TinyTeX/texmf-dist/tex/latex/base/inputenc.sty)
Writing index file Rd2.idx
(./Rd2.aux)
(c:/Users/gdiaz/AppData/Roaming/TinyTeX/texmf-dist/tex/latex/base/ts1cmr.fd)
(c:/Users/gdiaz/AppData/Roaming/TinyTeX/texmf-dist/tex/latex/hyperref/nameref.s
ty
(c:/Users/gdiaz/AppData/Roaming/TinyTeX/texmf-dist/tex/generic/oberdiek/gettitl
estring.sty)) (./Rd2.out) (./Rd2.out)
(c:/Users/gdiaz/AppData/Roaming/TinyTeX/texmf-dist/tex/latex/inconsolata/ot1zi4
.fd)

LaTeX Font Warning: Font shape `OML/zi4/m/n' undefined
(Font)              using `OML/cmm/m/it' instead
(Font)              for symbol `textless' on input line 38.

(./Rd2.toc [1{c:/Users/gdiaz/AppData/Roaming/TinyTeX/texmf-var/fonts/map/pdftex
/updmap/pdftex.map}]) [2]
Overfull \hbox (22.67pt too wide) in paragraph at lines 132--141
[]\OT1/cmr/m/n/10 Other Lens func-tions: [][]\OT1/zi4/m/n/10 calc[]diameter[][]
[]()\OT1/cmr/m/n/10 , [][]\OT1/zi4/m/n/10 calc[]zenith[]raster[]coordinates[][]
[]()\OT1/cmr/m/n/10 , [][]\OT1/zi4/m/n/10 calibrate[]lens[][][]()\OT1/cmr/m/n/1
0 ,

Overfull \hbox (27.26984pt too wide) in paragraph at lines 132--141
[][]\OT1/zi4/m/n/10 expand[]noncircular[][][]()\OT1/cmr/m/n/10 , [][]\OT1/zi4/m
/n/10 lens[][][]()\OT1/cmr/m/n/10 , [][]\OT1/zi4/m/n/10 reproject[]to[]equidist
ant[][][]()\OT1/cmr/m/n/10 , [][]\OT1/zi4/m/n/10 test[]lens[]coef[][][]()\OT1/c
mr/m/n/10 , [][]\OT1/zi4/m/n/10 zenith[]image[][][]() 
[3]
Overfull \hbox (22.67pt too wide) in paragraph at lines 207--216
[]\OT1/cmr/m/n/10 Other Lens func-tions: [][]\OT1/zi4/m/n/10 azimuth[]image[][]
[]()\OT1/cmr/m/n/10 , [][]\OT1/zi4/m/n/10 calc[]zenith[]raster[]coordinates[][]
[]()\OT1/cmr/m/n/10 , [][]\OT1/zi4/m/n/10 calibrate[]lens[][][]()\OT1/cmr/m/n/1
0 ,

Overfull \hbox (27.26984pt too wide) in paragraph at lines 207--216
[][]\OT1/zi4/m/n/10 expand[]noncircular[][][]()\OT1/cmr/m/n/10 , [][]\OT1/zi4/m
/n/10 lens[][][]()\OT1/cmr/m/n/10 , [][]\OT1/zi4/m/n/10 reproject[]to[]equidist
ant[][][]()\OT1/cmr/m/n/10 , [][]\OT1/zi4/m/n/10 test[]lens[]coef[][][]()\OT1/c
mr/m/n/10 , [][]\OT1/zi4/m/n/10 zenith[]image[][][]() 
[4]
Overfull \hbox (44.29222pt too wide) in paragraph at lines 288--297
[]\OT1/cmr/m/n/10 Other Lens func-tions: [][]\OT1/zi4/m/n/10 azimuth[]image[][]
[]()\OT1/cmr/m/n/10 , [][]\OT1/zi4/m/n/10 calc[]diameter[][][]()\OT1/cmr/m/n/10
 , [][]\OT1/zi4/m/n/10 calibrate[]lens[][][]()\OT1/cmr/m/n/10 , [][]\OT1/zi4/m/
n/10 expand[]noncircular[][][]()\OT1/cmr/m/n/10 ,
[5]
Overfull \hbox (7.02785pt too wide) in paragraph at lines 381--385
[]\OT1/cmr/m/n/10 An ob-ject of class list with named el-e-ments. `lens[]coef' 
stands for lens co-ef-fi-cients, `max[]theta'
[6]
Overfull \hbox (3.471pt too wide) in paragraph at lines 388--392
\OT1/cmr/m/it/10 Agri-cul-tural and For-est Me-te-o-rol-ogy\OT1/cmr/m/n/10 , \O
T1/cmr/bx/n/10 44\OT1/cmr/m/n/10 (1), 19--25. doi: [][]10.1016/0168-1923(88)900
30-5[][], [][]$\OT1/zi4/m/n/10 https :

Overfull \hbox (17.67pt too wide) in paragraph at lines 395--404
[]\OT1/cmr/m/n/10 Other Lens func-tions: [][]\OT1/zi4/m/n/10 azimuth[]image[][]
[]()\OT1/cmr/m/n/10 , [][]\OT1/zi4/m/n/10 calc[]diameter[][][]()\OT1/cmr/m/n/10
 , [][]\OT1/zi4/m/n/10 calc[]zenith[]raster[]coordinates[][][]()\OT1/cmr/m/n/10
 ,

Overfull \hbox (27.26984pt too wide) in paragraph at lines 395--404
[][]\OT1/zi4/m/n/10 expand[]noncircular[][][]()\OT1/cmr/m/n/10 , [][]\OT1/zi4/m
/n/10 lens[][][]()\OT1/cmr/m/n/10 , [][]\OT1/zi4/m/n/10 reproject[]to[]equidist
ant[][][]()\OT1/cmr/m/n/10 , [][]\OT1/zi4/m/n/10 test[]lens[]coef[][][]()\OT1/c
mr/m/n/10 , [][]\OT1/zi4/m/n/10 zenith[]image[][][]() 

Overfull \hbox (0.75854pt too wide) in paragraph at lines 451--453
[][][]\OT1/cmr/m/n/10 color[][][]. Is the \OT1/zi4/m/n/10 target[]color \OT1/cm
r/m/n/10 ar-gu-ment to be passed to [][]\OT1/zi4/m/n/10 membership[]to[]color[]
[][]\OT1/cmr/m/n/10 .
[7]
Overfull \hbox (10.9188pt too wide) in paragraph at lines 468--472
\OT1/cmr/m/n/10 Pho-tog-ra-phy.'' \OT1/cmr/m/it/10 IEEE Geo-science and Re-mote
 Sens-ing Let-ters\OT1/cmr/m/n/10 , \OT1/cmr/bx/n/10 12\OT1/cmr/m/n/10 (8), 178
5--1789. doi: [][]10.1109/

Overfull \hbox (17.67pt too wide) in paragraph at lines 521--530
[]\OT1/cmr/m/n/10 Other Lens func-tions: [][]\OT1/zi4/m/n/10 azimuth[]image[][]
[]()\OT1/cmr/m/n/10 , [][]\OT1/zi4/m/n/10 calc[]diameter[][][]()\OT1/cmr/m/n/10
 , [][]\OT1/zi4/m/n/10 calc[]zenith[]raster[]coordinates[][][]()\OT1/cmr/m/n/10
 ,

Overfull \hbox (7.26984pt too wide) in paragraph at lines 521--530
[][]\OT1/zi4/m/n/10 calibrate[]lens[][][]()\OT1/cmr/m/n/10 , [][]\OT1/zi4/m/n/1
0 lens[][][]()\OT1/cmr/m/n/10 , [][]\OT1/zi4/m/n/10 reproject[]to[]equidistant[
][][]()\OT1/cmr/m/n/10 , [][]\OT1/zi4/m/n/10 test[]lens[]coef[][][]()\OT1/cmr/m
/n/10 , [][]\OT1/zi4/m/n/10 zenith[]image[][][]() 
[8]
Overfull \hbox (14.33113pt too wide) in paragraph at lines 590--600
[]\OT1/cmr/m/n/10 Other Tools func-tions: [][]\OT1/zi4/m/n/10 apply[]thr[][][](
)\OT1/cmr/m/n/10 , [][]\OT1/zi4/m/n/10 gbc[][][]()\OT1/cmr/m/n/10 , [][]\OT1/zi
4/m/n/10 masking[][][]()\OT1/cmr/m/n/10 , [][]\OT1/zi4/m/n/10 normalize[][][]()
\OT1/cmr/m/n/10 , [][]\OT1/zi4/m/n/10 read[]bin[][][]()\OT1/cmr/m/n/10 , [][]\O
T1/zi4/m/n/10 read[]caim[][][]()\OT1/cmr/m/n/10 ,
[9]
Overfull \hbox (36.00783pt too wide) in paragraph at lines 663--668
[]\OT1/cmr/m/n/10 Other MBLT func-tions: [][]\OT1/zi4/m/n/10 fit[]cone[]shaped[
]model[][][]()\OT1/cmr/m/n/10 , [][]\OT1/zi4/m/n/10 fit[]trend[]surface[][][]()
\OT1/cmr/m/n/10 , [][]\OT1/zi4/m/n/10 ootb[]mblt[][][]()\OT1/cmr/m/n/10 , [][]\
OT1/zi4/m/n/10 thr[]image[][][]() 
[10] [11]
Underfull \hbox (badness 10000) in paragraph at lines 764--771

[12] [13]
Overfull \hbox (11.00783pt too wide) in paragraph at lines 882--887
[]\OT1/cmr/m/n/10 Other MBLT func-tions: [][]\OT1/zi4/m/n/10 find[]sky[]dns[][]
[]()\OT1/cmr/m/n/10 , [][]\OT1/zi4/m/n/10 fit[]cone[]shaped[]model[][][]()\OT1/
cmr/m/n/10 , [][]\OT1/zi4/m/n/10 ootb[]mblt[][][]()\OT1/cmr/m/n/10 , [][]\OT1/z
i4/m/n/10 thr[]image[][][]() 
[14]
Overfull \hbox (14.1089pt too wide) in paragraph at lines 944--954
[]\OT1/cmr/m/n/10 Other Tools func-tions: [][]\OT1/zi4/m/n/10 apply[]thr[][][](
)\OT1/cmr/m/n/10 , [][]\OT1/zi4/m/n/10 extract[]feature[][][]()\OT1/cmr/m/n/10 
, [][]\OT1/zi4/m/n/10 masking[][][]()\OT1/cmr/m/n/10 , [][]\OT1/zi4/m/n/10 norm
alize[][][]()\OT1/cmr/m/n/10 , [][]\OT1/zi4/m/n/10 read[]bin[][][]()\OT1/cmr/m/
n/10 ,

Underfull \hbox (badness 10000) in paragraph at lines 1006--1016


Underfull \hbox (badness 10000) in paragraph at lines 1006--1016


Overfull \hbox (13.70456pt too wide) in paragraph at lines 1006--1016
\OT1/cmr/m/n/10 lenses.'' \OT1/cmr/m/it/10 IS-PRS Jour-nal of Pho-togram-me-try
 and Re-mote Sens-ing\OT1/cmr/m/n/10 , \OT1/cmr/bx/n/10 64\OT1/cmr/m/n/10 (3), 
259--266. doi: [][]10.1016/
[15]
Overfull \hbox (17.67pt too wide) in paragraph at lines 1019--1028
[]\OT1/cmr/m/n/10 Other Lens func-tions: [][]\OT1/zi4/m/n/10 azimuth[]image[][]
[]()\OT1/cmr/m/n/10 , [][]\OT1/zi4/m/n/10 calc[]diameter[][][]()\OT1/cmr/m/n/10
 , [][]\OT1/zi4/m/n/10 calc[]zenith[]raster[]coordinates[][][]()\OT1/cmr/m/n/10
 ,

Overfull \hbox (4.8254pt too wide) in paragraph at lines 1019--1028
[][]\OT1/zi4/m/n/10 calibrate[]lens[][][]()\OT1/cmr/m/n/10 , [][]\OT1/zi4/m/n/1
0 expand[]noncircular[][][]()\OT1/cmr/m/n/10 , [][]\OT1/zi4/m/n/10 reproject[]t
o[]equidistant[][][]()\OT1/cmr/m/n/10 , [][]\OT1/zi4/m/n/10 test[]lens[]coef[][
][]()\OT1/cmr/m/n/10 ,
[16]
Overfull \hbox (10.9188pt too wide) in paragraph at lines 1088--1092
\OT1/cmr/m/n/10 Pho-tog-ra-phy.'' \OT1/cmr/m/it/10 IEEE Geo-science and Re-mote
 Sens-ing Let-ters\OT1/cmr/m/n/10 , \OT1/cmr/bx/n/10 12\OT1/cmr/m/n/10 (8), 178
5--1789. doi: [][]10.1109/

(c:/Users/gdiaz/AppData/Roaming/TinyTeX/texmf-dist/tex/latex/inconsolata/ts1zi4
.fd) [17]
Overfull \hbox (70.26454pt too wide) in paragraph at lines 1211--1215
[]\OT1/cmr/m/n/10 Other Seg-men-ta-tion func-tions: [][]\OT1/zi4/m/n/10 rings[]
segmentation[][][]()\OT1/cmr/m/n/10 , [][]\OT1/zi4/m/n/10 sectors[]segmentation
[][][]()\OT1/cmr/m/n/10 , [][]\OT1/zi4/m/n/10 sky[]grid[]segmentation[][][]() 
[18]
Overfull \hbox (10.9188pt too wide) in paragraph at lines 1280--1284
\OT1/cmr/m/n/10 Pho-tog-ra-phy.'' \OT1/cmr/m/it/10 IEEE Geo-science and Re-mote
 Sens-ing Let-ters\OT1/cmr/m/n/10 , \OT1/cmr/bx/n/10 12\OT1/cmr/m/n/10 (8), 178
5--1789. doi: [][]10.1109/
[19] [20] [21] [22] [23] [24]
Overfull \hbox (6.86769pt too wide) in paragraph at lines 1664--1668
[]\OT1/cmr/b/n/10 Methods from au-tothresh-oldr pack-age\OT1/cmr/m/n/10 : this 
func-tion can call meth-ods from [][]\OT1/zi4/m/n/10 auto[]thresh[][][]\OT1/cmr
/m/n/10 .

Underfull \hbox (badness 10000) in paragraph at lines 1677--1687


Underfull \hbox (badness 10000) in paragraph at lines 1677--1687

[25]
Overfull \hbox (17.67pt too wide) in paragraph at lines 1753--1762
[]\OT1/cmr/m/n/10 Other Lens func-tions: [][]\OT1/zi4/m/n/10 azimuth[]image[][]
[]()\OT1/cmr/m/n/10 , [][]\OT1/zi4/m/n/10 calc[]diameter[][][]()\OT1/cmr/m/n/10
 , [][]\OT1/zi4/m/n/10 calc[]zenith[]raster[]coordinates[][][]()\OT1/cmr/m/n/10
 ,
[26]
Overfull \hbox (15.26454pt too wide) in paragraph at lines 1814--1818
[]\OT1/cmr/m/n/10 Other Seg-men-ta-tion func-tions: [][]\OT1/zi4/m/n/10 mask[]h
s[][][]()\OT1/cmr/m/n/10 , [][]\OT1/zi4/m/n/10 sectors[]segmentation[][][]()\OT
1/cmr/m/n/10 , [][]\OT1/zi4/m/n/10 sky[]grid[]segmentation[][][]() 
[27]
Overfull \hbox (5.26454pt too wide) in paragraph at lines 1861--1865
[]\OT1/cmr/m/n/10 Other Seg-men-ta-tion func-tions: [][]\OT1/zi4/m/n/10 mask[]h
s[][][]()\OT1/cmr/m/n/10 , [][]\OT1/zi4/m/n/10 rings[]segmentation[][][]()\OT1/
cmr/m/n/10 , [][]\OT1/zi4/m/n/10 sky[]grid[]segmentation[][][]() 

Overfull \hbox (39.5697pt too wide) in paragraph at lines 1898--1903
[]\OT1/cmr/m/n/10 Numeric vec-tor of length one. It should be \OT1/zi4/m/n/10 3
0,15,10,7.5,6,5,3.75,3,2.5,1.875,1
[28]
Overfull \hbox (1.66454pt too wide) in paragraph at lines 1927--1931
[]\OT1/cmr/m/n/10 Other Seg-men-ta-tion func-tions: [][]\OT1/zi4/m/n/10 mask[]h
s[][][]()\OT1/cmr/m/n/10 , [][]\OT1/zi4/m/n/10 rings[]segmentation[][][]()\OT1/
cmr/m/n/10 , [][]\OT1/zi4/m/n/10 sectors[]segmentation[][][]() 

Overfull \hbox (17.67pt too wide) in paragraph at lines 1968--1977
[]\OT1/cmr/m/n/10 Other Lens func-tions: [][]\OT1/zi4/m/n/10 azimuth[]image[][]
[]()\OT1/cmr/m/n/10 , [][]\OT1/zi4/m/n/10 calc[]diameter[][][]()\OT1/cmr/m/n/10
 , [][]\OT1/zi4/m/n/10 calc[]zenith[]raster[]coordinates[][][]()\OT1/cmr/m/n/10
 ,

Overfull \hbox (28.66983pt too wide) in paragraph at lines 1968--1977
[][]\OT1/zi4/m/n/10 calibrate[]lens[][][]()\OT1/cmr/m/n/10 , [][]\OT1/zi4/m/n/1
0 expand[]noncircular[][][]()\OT1/cmr/m/n/10 , [][]\OT1/zi4/m/n/10 lens[][][]()
\OT1/cmr/m/n/10 , [][]\OT1/zi4/m/n/10 reproject[]to[]equidistant[][][]()\OT1/cm
r/m/n/10 , [][]\OT1/zi4/m/n/10 zenith[]image[][][]() 
[29] [30] [31]
Overfull \hbox (17.67pt too wide) in paragraph at lines 2190--2199
[]\OT1/cmr/m/n/10 Other Lens func-tions: [][]\OT1/zi4/m/n/10 azimuth[]image[][]
[]()\OT1/cmr/m/n/10 , [][]\OT1/zi4/m/n/10 calc[]diameter[][][]()\OT1/cmr/m/n/10
 , [][]\OT1/zi4/m/n/10 calc[]zenith[]raster[]coordinates[][][]()\OT1/cmr/m/n/10
 ,

Overfull \hbox (37.26984pt too wide) in paragraph at lines 2190--2199
[][]\OT1/zi4/m/n/10 calibrate[]lens[][][]()\OT1/cmr/m/n/10 , [][]\OT1/zi4/m/n/1
0 expand[]noncircular[][][]()\OT1/cmr/m/n/10 , [][]\OT1/zi4/m/n/10 lens[][][]()
\OT1/cmr/m/n/10 , [][]\OT1/zi4/m/n/10 reproject[]to[]equidistant[][][]()\OT1/cm
r/m/n/10 , [][]\OT1/zi4/m/n/10 test[]lens[]coef[][][]() 
[32] (./Rd2.ind [33]

LaTeX Font Warning: Font shape `OT1/zi4/m/it' undefined
(Font)              using `OT1/zi4/m/n' instead on input line 165.

[34]
Overfull \hbox (23.05672pt too wide) in paragraph at lines 248--250
[]\OT1/zi4/m/it/10 reproject[]to[]equidistant,RasterLayer-method 

Overfull \hbox (48.05672pt too wide) in paragraph at lines 250--252
[]\OT1/zi4/m/it/10 reproject[]to[]equidistant,RasterStackBrick-method 
[35]) (./Rd2.aux)

Package rerunfilecheck Warning: File `Rd2.out' has changed.
(rerunfilecheck)                Rerun to get outlines right
(rerunfilecheck)                or use package `bookmark'.


LaTeX Font Warning: Some font shapes were not available, defaults substituted.

 )
(see the transcript file for additional information)pdfTeX warning (dest): name
{Rfn.writeRaster} has been referenced but does not exist, replaced by a fixed o
ne

pdfTeX warning (dest): name{Rfn.raster} has been referenced but does not exist,
 replaced by a fixed one

pdfTeX warning (dest): name{Rfn.RasterStack.Rdash.class} has been referenced bu
t does not exist, replaced by a fixed one

pdfTeX warning (dest): name{Rfn.auto.Rul.thresh} has been referenced but does n
ot exist, replaced by a fixed one

pdfTeX warning (dest): name{Rfn.Raster.Rdash.class} has been referenced but doe
s not exist, replaced by a fixed one

pdfTeX warning (dest): name{Rfn.surf.ls} has been referenced but does not exist
, replaced by a fixed one

pdfTeX warning (dest): name{Rfn.aggregate} has been referenced but does not exi
st, replaced by a fixed one

pdfTeX warning (dest): name{Rfn.lm} has been referenced but does not exist, rep
laced by a fixed one

pdfTeX warning (dest): name{Rfn.detectCores} has been referenced but does not e
xist, replaced by a fixed one

pdfTeX warning (dest): name{Rfn.quantile} has been referenced but does not exis
t, replaced by a fixed one

pdfTeX warning (dest): name{Rfn.color.Rdash.class} has been referenced but does
 not exist, replaced by a fixed one

pdfTeX warning (dest): name{Rfn.RasterBrick.Rdash.class} has been referenced bu
t does not exist, replaced by a fixed one

pdfTeX warning (dest): name{Rfn.RasterLayer.Rdash.class} has been referenced bu
t does not exist, replaced by a fixed one

{c:/Users/gdiaz/AppData/Roaming/TinyTeX/texmf-dist/fonts/enc/dvips/inconsolata/
i4-ts1.enc} <c:/Users/gdiaz/Documents/.TinyTeX/texmf-var/fonts/pk/ljfour/jknapp
en/ec/tcrm1000.600pk>{c:/Users/gdiaz/AppData/Roaming/TinyTeX/texmf-dist/fonts/e
nc/dvips/inconsolata/i4-ot1-0.enc}<c:/Users/gdiaz/AppData/Roaming/TinyTeX/texmf
-dist/fonts/type1/public/inconsolata/Inconsolata-zi4r.pfb><c:/Users/gdiaz/AppDa
ta/Roaming/TinyTeX/texmf-dist/fonts/type1/public/amsfonts/cm/cmb10.pfb><c:/User
s/gdiaz/AppData/Roaming/TinyTeX/texmf-dist/fonts/type1/public/amsfonts/cm/cmbx1
0.pfb><c:/Users/gdiaz/AppData/Roaming/TinyTeX/texmf-dist/fonts/type1/public/ams
fonts/cm/cmbx12.pfb><c:/Users/gdiaz/AppData/Roaming/TinyTeX/texmf-dist/fonts/ty
pe1/public/amsfonts/cm/cmmi10.pfb><c:/Users/gdiaz/AppData/Roaming/TinyTeX/texmf
-dist/fonts/type1/public/amsfonts/cm/cmr10.pfb><c:/Users/gdiaz/AppData/Roaming/
TinyTeX/texmf-dist/fonts/type1/public/amsfonts/cm/cmr12.pfb><c:/Users/gdiaz/App
Data/Roaming/TinyTeX/texmf-dist/fonts/type1/public/amsfonts/cm/cmr7.pfb><c:/Use
rs/gdiaz/AppData/Roaming/TinyTeX/texmf-dist/fonts/type1/public/amsfonts/cm/cmsl
10.pfb><c:/Users/gdiaz/AppData/Roaming/TinyTeX/texmf-dist/fonts/type1/public/am
sfonts/cm/cmss12.pfb><c:/Users/gdiaz/AppData/Roaming/TinyTeX/texmf-dist/fonts/t
ype1/public/amsfonts/cm/cmsy10.pfb><c:/Users/gdiaz/AppData/Roaming/TinyTeX/texm
f-dist/fonts/type1/public/amsfonts/cm/cmti10.pfb>
Output written on Rd2.pdf (35 pages, 287681 bytes).
Transcript written on Rd2.log.
This is makeindex, version 2.15 [TeX Live 2018/W32TeX] (kpathsea + Thai support).
Scanning input file Rd2.idx....done (421 entries accepted, 0 rejected).
Sorting entries......done (4096 comparisons).
Generating output file Rd2.ind....done (311 lines written, 5 warnings).
Output written in Rd2.ind.
Transcript written in Rd2.ilg.
This is pdfTeX, Version 3.14159265-2.6-1.40.19 (TeX Live 2018/W32TeX) (preloaded format=pdflatex)
 restricted \write18 enabled.
entering extended mode
(./Rd2.tex
LaTeX2e <2018-04-01> patch level 5

(c:/Users/gdiaz/AppData/Roaming/TinyTeX/texmf-dist/tex/latex/base/book.cls
Document Class: book 2014/09/29 v1.4h Standard LaTeX document class
(c:/Users/gdiaz/AppData/Roaming/TinyTeX/texmf-dist/tex/latex/base/bk10.clo))
(c:/Users/gdiaz/Documents/R/R-4.1.2/share/texmf/tex/latex/Rd.sty
(c:/Users/gdiaz/AppData/Roaming/TinyTeX/texmf-dist/tex/latex/base/ifthen.sty)
(c:/Users/gdiaz/AppData/Roaming/TinyTeX/texmf-dist/tex/latex/tools/longtable.st
y) (c:/Users/gdiaz/AppData/Roaming/TinyTeX/texmf-dist/tex/latex/tools/bm.sty)
(c:/Users/gdiaz/AppData/Roaming/TinyTeX/texmf-dist/tex/latex/base/alltt.sty)
(c:/Users/gdiaz/AppData/Roaming/TinyTeX/texmf-dist/tex/latex/tools/verbatim.sty
) (c:/Users/gdiaz/AppData/Roaming/TinyTeX/texmf-dist/tex/latex/url/url.sty)
(c:/Users/gdiaz/AppData/Roaming/TinyTeX/texmf-dist/tex/latex/base/textcomp.sty
(c:/Users/gdiaz/AppData/Roaming/TinyTeX/texmf-dist/tex/latex/base/ts1enc.def
(c:/Users/gdiaz/AppData/Roaming/TinyTeX/texmf-dist/tex/latex/base/ts1enc.dfu)))

(c:/Users/gdiaz/AppData/Roaming/TinyTeX/texmf-dist/tex/latex/inconsolata/zi4.st
y `inconsolata-zi4' v1.112, 2017/01/04 Text macros for Inconsolata (msharpe)
(c:/Users/gdiaz/AppData/Roaming/TinyTeX/texmf-dist/tex/latex/xkeyval/xkeyval.st
y
(c:/Users/gdiaz/AppData/Roaming/TinyTeX/texmf-dist/tex/generic/xkeyval/xkeyval.
tex
(c:/Users/gdiaz/AppData/Roaming/TinyTeX/texmf-dist/tex/generic/xkeyval/xkvutils
.tex
(c:/Users/gdiaz/AppData/Roaming/TinyTeX/texmf-dist/tex/generic/xkeyval/keyval.t
ex)))))
(c:/Users/gdiaz/AppData/Roaming/TinyTeX/texmf-dist/tex/latex/graphics/color.sty

(c:/Users/gdiaz/AppData/Roaming/TinyTeX/texmf-dist/tex/latex/graphics-cfg/color
.cfg)
(c:/Users/gdiaz/AppData/Roaming/TinyTeX/texmf-dist/tex/latex/graphics-def/pdfte
x.def))
(c:/Users/gdiaz/AppData/Roaming/TinyTeX/texmf-dist/tex/latex/hyperref/hyperref.
sty
(c:/Users/gdiaz/AppData/Roaming/TinyTeX/texmf-dist/tex/generic/oberdiek/hobsub-
hyperref.sty
(c:/Users/gdiaz/AppData/Roaming/TinyTeX/texmf-dist/tex/generic/oberdiek/hobsub-
generic.sty))
(c:/Users/gdiaz/AppData/Roaming/TinyTeX/texmf-dist/tex/generic/ifxetex/ifxetex.
sty)
(c:/Users/gdiaz/AppData/Roaming/TinyTeX/texmf-dist/tex/latex/oberdiek/auxhook.s
ty)
(c:/Users/gdiaz/AppData/Roaming/TinyTeX/texmf-dist/tex/latex/oberdiek/kvoptions
.sty)
(c:/Users/gdiaz/AppData/Roaming/TinyTeX/texmf-dist/tex/latex/hyperref/pd1enc.de
f)
(c:/Users/gdiaz/AppData/Roaming/TinyTeX/texmf-dist/tex/latex/latexconfig/hyperr
ef.cfg))
(c:/Users/gdiaz/AppData/Roaming/TinyTeX/texmf-dist/tex/latex/hyperref/hpdftex.d
ef
(c:/Users/gdiaz/AppData/Roaming/TinyTeX/texmf-dist/tex/latex/oberdiek/rerunfile
check.sty))

Package hyperref Warning: Option `hyperindex' has already been used,
(hyperref)                setting the option has no effect on input line 377.


Package hyperref Warning: Option `pagebackref' has already been used,
(hyperref)                setting the option has no effect on input line 377.

) (c:/Users/gdiaz/AppData/Roaming/TinyTeX/texmf-dist/tex/latex/base/makeidx.sty
)
(c:/Users/gdiaz/AppData/Roaming/TinyTeX/texmf-dist/tex/latex/base/inputenc.sty)
Writing index file Rd2.idx
(./Rd2.aux)
(c:/Users/gdiaz/AppData/Roaming/TinyTeX/texmf-dist/tex/latex/base/ts1cmr.fd)
(c:/Users/gdiaz/AppData/Roaming/TinyTeX/texmf-dist/tex/latex/hyperref/nameref.s
ty
(c:/Users/gdiaz/AppData/Roaming/TinyTeX/texmf-dist/tex/generic/oberdiek/gettitl
estring.sty)) (./Rd2.out) (./Rd2.out)
(c:/Users/gdiaz/AppData/Roaming/TinyTeX/texmf-dist/tex/latex/inconsolata/ot1zi4
.fd)

LaTeX Font Warning: Font shape `OML/zi4/m/n' undefined
(Font)              using `OML/cmm/m/it' instead
(Font)              for symbol `textless' on input line 38.

(./Rd2.toc [1{c:/Users/gdiaz/AppData/Roaming/TinyTeX/texmf-var/fonts/map/pdftex
/updmap/pdftex.map}]) [2]
Overfull \hbox (22.67pt too wide) in paragraph at lines 132--141
[]\OT1/cmr/m/n/10 Other Lens func-tions: [][]\OT1/zi4/m/n/10 calc[]diameter[][]
[]()\OT1/cmr/m/n/10 , [][]\OT1/zi4/m/n/10 calc[]zenith[]raster[]coordinates[][]
[]()\OT1/cmr/m/n/10 , [][]\OT1/zi4/m/n/10 calibrate[]lens[][][]()\OT1/cmr/m/n/1
0 ,

Overfull \hbox (27.26984pt too wide) in paragraph at lines 132--141
[][]\OT1/zi4/m/n/10 expand[]noncircular[][][]()\OT1/cmr/m/n/10 , [][]\OT1/zi4/m
/n/10 lens[][][]()\OT1/cmr/m/n/10 , [][]\OT1/zi4/m/n/10 reproject[]to[]equidist
ant[][][]()\OT1/cmr/m/n/10 , [][]\OT1/zi4/m/n/10 test[]lens[]coef[][][]()\OT1/c
mr/m/n/10 , [][]\OT1/zi4/m/n/10 zenith[]image[][][]() 
[3]
Overfull \hbox (22.67pt too wide) in paragraph at lines 207--216
[]\OT1/cmr/m/n/10 Other Lens func-tions: [][]\OT1/zi4/m/n/10 azimuth[]image[][]
[]()\OT1/cmr/m/n/10 , [][]\OT1/zi4/m/n/10 calc[]zenith[]raster[]coordinates[][]
[]()\OT1/cmr/m/n/10 , [][]\OT1/zi4/m/n/10 calibrate[]lens[][][]()\OT1/cmr/m/n/1
0 ,

Overfull \hbox (27.26984pt too wide) in paragraph at lines 207--216
[][]\OT1/zi4/m/n/10 expand[]noncircular[][][]()\OT1/cmr/m/n/10 , [][]\OT1/zi4/m
/n/10 lens[][][]()\OT1/cmr/m/n/10 , [][]\OT1/zi4/m/n/10 reproject[]to[]equidist
ant[][][]()\OT1/cmr/m/n/10 , [][]\OT1/zi4/m/n/10 test[]lens[]coef[][][]()\OT1/c
mr/m/n/10 , [][]\OT1/zi4/m/n/10 zenith[]image[][][]() 
[4]
Overfull \hbox (44.29222pt too wide) in paragraph at lines 288--297
[]\OT1/cmr/m/n/10 Other Lens func-tions: [][]\OT1/zi4/m/n/10 azimuth[]image[][]
[]()\OT1/cmr/m/n/10 , [][]\OT1/zi4/m/n/10 calc[]diameter[][][]()\OT1/cmr/m/n/10
 , [][]\OT1/zi4/m/n/10 calibrate[]lens[][][]()\OT1/cmr/m/n/10 , [][]\OT1/zi4/m/
n/10 expand[]noncircular[][][]()\OT1/cmr/m/n/10 ,
[5]
Overfull \hbox (7.02785pt too wide) in paragraph at lines 381--385
[]\OT1/cmr/m/n/10 An ob-ject of class list with named el-e-ments. `lens[]coef' 
stands for lens co-ef-fi-cients, `max[]theta'
[6]
Overfull \hbox (3.471pt too wide) in paragraph at lines 388--392
\OT1/cmr/m/it/10 Agri-cul-tural and For-est Me-te-o-rol-ogy\OT1/cmr/m/n/10 , \O
T1/cmr/bx/n/10 44\OT1/cmr/m/n/10 (1), 19--25. doi: [][]10.1016/0168-1923(88)900
30-5[][], [][]$\OT1/zi4/m/n/10 https :

Overfull \hbox (17.67pt too wide) in paragraph at lines 395--404
[]\OT1/cmr/m/n/10 Other Lens func-tions: [][]\OT1/zi4/m/n/10 azimuth[]image[][]
[]()\OT1/cmr/m/n/10 , [][]\OT1/zi4/m/n/10 calc[]diameter[][][]()\OT1/cmr/m/n/10
 , [][]\OT1/zi4/m/n/10 calc[]zenith[]raster[]coordinates[][][]()\OT1/cmr/m/n/10
 ,

Overfull \hbox (27.26984pt too wide) in paragraph at lines 395--404
[][]\OT1/zi4/m/n/10 expand[]noncircular[][][]()\OT1/cmr/m/n/10 , [][]\OT1/zi4/m
/n/10 lens[][][]()\OT1/cmr/m/n/10 , [][]\OT1/zi4/m/n/10 reproject[]to[]equidist
ant[][][]()\OT1/cmr/m/n/10 , [][]\OT1/zi4/m/n/10 test[]lens[]coef[][][]()\OT1/c
mr/m/n/10 , [][]\OT1/zi4/m/n/10 zenith[]image[][][]() 

Overfull \hbox (0.75854pt too wide) in paragraph at lines 451--453
[][][]\OT1/cmr/m/n/10 color[][][]. Is the \OT1/zi4/m/n/10 target[]color \OT1/cm
r/m/n/10 ar-gu-ment to be passed to [][]\OT1/zi4/m/n/10 membership[]to[]color[]
[][]\OT1/cmr/m/n/10 .
[7]
Overfull \hbox (10.9188pt too wide) in paragraph at lines 468--472
\OT1/cmr/m/n/10 Pho-tog-ra-phy.'' \OT1/cmr/m/it/10 IEEE Geo-science and Re-mote
 Sens-ing Let-ters\OT1/cmr/m/n/10 , \OT1/cmr/bx/n/10 12\OT1/cmr/m/n/10 (8), 178
5--1789. doi: [][]10.1109/

Overfull \hbox (17.67pt too wide) in paragraph at lines 521--530
[]\OT1/cmr/m/n/10 Other Lens func-tions: [][]\OT1/zi4/m/n/10 azimuth[]image[][]
[]()\OT1/cmr/m/n/10 , [][]\OT1/zi4/m/n/10 calc[]diameter[][][]()\OT1/cmr/m/n/10
 , [][]\OT1/zi4/m/n/10 calc[]zenith[]raster[]coordinates[][][]()\OT1/cmr/m/n/10
 ,

Overfull \hbox (7.26984pt too wide) in paragraph at lines 521--530
[][]\OT1/zi4/m/n/10 calibrate[]lens[][][]()\OT1/cmr/m/n/10 , [][]\OT1/zi4/m/n/1
0 lens[][][]()\OT1/cmr/m/n/10 , [][]\OT1/zi4/m/n/10 reproject[]to[]equidistant[
][][]()\OT1/cmr/m/n/10 , [][]\OT1/zi4/m/n/10 test[]lens[]coef[][][]()\OT1/cmr/m
/n/10 , [][]\OT1/zi4/m/n/10 zenith[]image[][][]() 
[8]
Overfull \hbox (14.33113pt too wide) in paragraph at lines 590--600
[]\OT1/cmr/m/n/10 Other Tools func-tions: [][]\OT1/zi4/m/n/10 apply[]thr[][][](
)\OT1/cmr/m/n/10 , [][]\OT1/zi4/m/n/10 gbc[][][]()\OT1/cmr/m/n/10 , [][]\OT1/zi
4/m/n/10 masking[][][]()\OT1/cmr/m/n/10 , [][]\OT1/zi4/m/n/10 normalize[][][]()
\OT1/cmr/m/n/10 , [][]\OT1/zi4/m/n/10 read[]bin[][][]()\OT1/cmr/m/n/10 , [][]\O
T1/zi4/m/n/10 read[]caim[][][]()\OT1/cmr/m/n/10 ,
[9]
Overfull \hbox (36.00783pt too wide) in paragraph at lines 663--668
[]\OT1/cmr/m/n/10 Other MBLT func-tions: [][]\OT1/zi4/m/n/10 fit[]cone[]shaped[
]model[][][]()\OT1/cmr/m/n/10 , [][]\OT1/zi4/m/n/10 fit[]trend[]surface[][][]()
\OT1/cmr/m/n/10 , [][]\OT1/zi4/m/n/10 ootb[]mblt[][][]()\OT1/cmr/m/n/10 , [][]\
OT1/zi4/m/n/10 thr[]image[][][]() 
[10] [11]
Underfull \hbox (badness 10000) in paragraph at lines 764--771

[12] [13]
Overfull \hbox (11.00783pt too wide) in paragraph at lines 882--887
[]\OT1/cmr/m/n/10 Other MBLT func-tions: [][]\OT1/zi4/m/n/10 find[]sky[]dns[][]
[]()\OT1/cmr/m/n/10 , [][]\OT1/zi4/m/n/10 fit[]cone[]shaped[]model[][][]()\OT1/
cmr/m/n/10 , [][]\OT1/zi4/m/n/10 ootb[]mblt[][][]()\OT1/cmr/m/n/10 , [][]\OT1/z
i4/m/n/10 thr[]image[][][]() 
[14]
Overfull \hbox (14.1089pt too wide) in paragraph at lines 944--954
[]\OT1/cmr/m/n/10 Other Tools func-tions: [][]\OT1/zi4/m/n/10 apply[]thr[][][](
)\OT1/cmr/m/n/10 , [][]\OT1/zi4/m/n/10 extract[]feature[][][]()\OT1/cmr/m/n/10 
, [][]\OT1/zi4/m/n/10 masking[][][]()\OT1/cmr/m/n/10 , [][]\OT1/zi4/m/n/10 norm
alize[][][]()\OT1/cmr/m/n/10 , [][]\OT1/zi4/m/n/10 read[]bin[][][]()\OT1/cmr/m/
n/10 ,

Underfull \hbox (badness 10000) in paragraph at lines 1006--1016


Underfull \hbox (badness 10000) in paragraph at lines 1006--1016


Overfull \hbox (13.70456pt too wide) in paragraph at lines 1006--1016
\OT1/cmr/m/n/10 lenses.'' \OT1/cmr/m/it/10 IS-PRS Jour-nal of Pho-togram-me-try
 and Re-mote Sens-ing\OT1/cmr/m/n/10 , \OT1/cmr/bx/n/10 64\OT1/cmr/m/n/10 (3), 
259--266. doi: [][]10.1016/
[15]
Overfull \hbox (17.67pt too wide) in paragraph at lines 1019--1028
[]\OT1/cmr/m/n/10 Other Lens func-tions: [][]\OT1/zi4/m/n/10 azimuth[]image[][]
[]()\OT1/cmr/m/n/10 , [][]\OT1/zi4/m/n/10 calc[]diameter[][][]()\OT1/cmr/m/n/10
 , [][]\OT1/zi4/m/n/10 calc[]zenith[]raster[]coordinates[][][]()\OT1/cmr/m/n/10
 ,

Overfull \hbox (4.8254pt too wide) in paragraph at lines 1019--1028
[][]\OT1/zi4/m/n/10 calibrate[]lens[][][]()\OT1/cmr/m/n/10 , [][]\OT1/zi4/m/n/1
0 expand[]noncircular[][][]()\OT1/cmr/m/n/10 , [][]\OT1/zi4/m/n/10 reproject[]t
o[]equidistant[][][]()\OT1/cmr/m/n/10 , [][]\OT1/zi4/m/n/10 test[]lens[]coef[][
][]()\OT1/cmr/m/n/10 ,
[16]
Overfull \hbox (10.9188pt too wide) in paragraph at lines 1088--1092
\OT1/cmr/m/n/10 Pho-tog-ra-phy.'' \OT1/cmr/m/it/10 IEEE Geo-science and Re-mote
 Sens-ing Let-ters\OT1/cmr/m/n/10 , \OT1/cmr/bx/n/10 12\OT1/cmr/m/n/10 (8), 178
5--1789. doi: [][]10.1109/

(c:/Users/gdiaz/AppData/Roaming/TinyTeX/texmf-dist/tex/latex/inconsolata/ts1zi4
.fd) [17]
Overfull \hbox (70.26454pt too wide) in paragraph at lines 1211--1215
[]\OT1/cmr/m/n/10 Other Seg-men-ta-tion func-tions: [][]\OT1/zi4/m/n/10 rings[]
segmentation[][][]()\OT1/cmr/m/n/10 , [][]\OT1/zi4/m/n/10 sectors[]segmentation
[][][]()\OT1/cmr/m/n/10 , [][]\OT1/zi4/m/n/10 sky[]grid[]segmentation[][][]() 
[18]
Overfull \hbox (10.9188pt too wide) in paragraph at lines 1280--1284
\OT1/cmr/m/n/10 Pho-tog-ra-phy.'' \OT1/cmr/m/it/10 IEEE Geo-science and Re-mote
 Sens-ing Let-ters\OT1/cmr/m/n/10 , \OT1/cmr/bx/n/10 12\OT1/cmr/m/n/10 (8), 178
5--1789. doi: [][]10.1109/
[19] [20] [21] [22] [23] [24]
Overfull \hbox (6.86769pt too wide) in paragraph at lines 1664--1668
[]\OT1/cmr/b/n/10 Methods from au-tothresh-oldr pack-age\OT1/cmr/m/n/10 : this 
func-tion can call meth-ods from [][]\OT1/zi4/m/n/10 auto[]thresh[][][]\OT1/cmr
/m/n/10 .

Underfull \hbox (badness 10000) in paragraph at lines 1677--1687


Underfull \hbox (badness 10000) in paragraph at lines 1677--1687

[25]
Overfull \hbox (17.67pt too wide) in paragraph at lines 1753--1762
[]\OT1/cmr/m/n/10 Other Lens func-tions: [][]\OT1/zi4/m/n/10 azimuth[]image[][]
[]()\OT1/cmr/m/n/10 , [][]\OT1/zi4/m/n/10 calc[]diameter[][][]()\OT1/cmr/m/n/10
 , [][]\OT1/zi4/m/n/10 calc[]zenith[]raster[]coordinates[][][]()\OT1/cmr/m/n/10
 ,
[26]
Overfull \hbox (15.26454pt too wide) in paragraph at lines 1814--1818
[]\OT1/cmr/m/n/10 Other Seg-men-ta-tion func-tions: [][]\OT1/zi4/m/n/10 mask[]h
s[][][]()\OT1/cmr/m/n/10 , [][]\OT1/zi4/m/n/10 sectors[]segmentation[][][]()\OT
1/cmr/m/n/10 , [][]\OT1/zi4/m/n/10 sky[]grid[]segmentation[][][]() 
[27]
Overfull \hbox (5.26454pt too wide) in paragraph at lines 1861--1865
[]\OT1/cmr/m/n/10 Other Seg-men-ta-tion func-tions: [][]\OT1/zi4/m/n/10 mask[]h
s[][][]()\OT1/cmr/m/n/10 , [][]\OT1/zi4/m/n/10 rings[]segmentation[][][]()\OT1/
cmr/m/n/10 , [][]\OT1/zi4/m/n/10 sky[]grid[]segmentation[][][]() 

Overfull \hbox (39.5697pt too wide) in paragraph at lines 1898--1903
[]\OT1/cmr/m/n/10 Numeric vec-tor of length one. It should be \OT1/zi4/m/n/10 3
0,15,10,7.5,6,5,3.75,3,2.5,1.875,1
[28]
Overfull \hbox (1.66454pt too wide) in paragraph at lines 1927--1931
[]\OT1/cmr/m/n/10 Other Seg-men-ta-tion func-tions: [][]\OT1/zi4/m/n/10 mask[]h
s[][][]()\OT1/cmr/m/n/10 , [][]\OT1/zi4/m/n/10 rings[]segmentation[][][]()\OT1/
cmr/m/n/10 , [][]\OT1/zi4/m/n/10 sectors[]segmentation[][][]() 

Overfull \hbox (17.67pt too wide) in paragraph at lines 1968--1977
[]\OT1/cmr/m/n/10 Other Lens func-tions: [][]\OT1/zi4/m/n/10 azimuth[]image[][]
[]()\OT1/cmr/m/n/10 , [][]\OT1/zi4/m/n/10 calc[]diameter[][][]()\OT1/cmr/m/n/10
 , [][]\OT1/zi4/m/n/10 calc[]zenith[]raster[]coordinates[][][]()\OT1/cmr/m/n/10
 ,

Overfull \hbox (28.66983pt too wide) in paragraph at lines 1968--1977
[][]\OT1/zi4/m/n/10 calibrate[]lens[][][]()\OT1/cmr/m/n/10 , [][]\OT1/zi4/m/n/1
0 expand[]noncircular[][][]()\OT1/cmr/m/n/10 , [][]\OT1/zi4/m/n/10 lens[][][]()
\OT1/cmr/m/n/10 , [][]\OT1/zi4/m/n/10 reproject[]to[]equidistant[][][]()\OT1/cm
r/m/n/10 , [][]\OT1/zi4/m/n/10 zenith[]image[][][]() 
[29] [30] [31]
Overfull \hbox (17.67pt too wide) in paragraph at lines 2190--2199
[]\OT1/cmr/m/n/10 Other Lens func-tions: [][]\OT1/zi4/m/n/10 azimuth[]image[][]
[]()\OT1/cmr/m/n/10 , [][]\OT1/zi4/m/n/10 calc[]diameter[][][]()\OT1/cmr/m/n/10
 , [][]\OT1/zi4/m/n/10 calc[]zenith[]raster[]coordinates[][][]()\OT1/cmr/m/n/10
 ,

Overfull \hbox (37.26984pt too wide) in paragraph at lines 2190--2199
[][]\OT1/zi4/m/n/10 calibrate[]lens[][][]()\OT1/cmr/m/n/10 , [][]\OT1/zi4/m/n/1
0 expand[]noncircular[][][]()\OT1/cmr/m/n/10 , [][]\OT1/zi4/m/n/10 lens[][][]()
\OT1/cmr/m/n/10 , [][]\OT1/zi4/m/n/10 reproject[]to[]equidistant[][][]()\OT1/cm
r/m/n/10 , [][]\OT1/zi4/m/n/10 test[]lens[]coef[][][]() 
[32] (./Rd2.ind [33]

LaTeX Font Warning: Font shape `OT1/zi4/m/it' undefined
(Font)              using `OT1/zi4/m/n' instead on input line 167.

[34]
Overfull \hbox (23.05672pt too wide) in paragraph at lines 248--250
[]\OT1/zi4/m/it/10 reproject[]to[]equidistant,RasterLayer-method 

Overfull \hbox (48.05672pt too wide) in paragraph at lines 250--252
[]\OT1/zi4/m/it/10 reproject[]to[]equidistant,RasterStackBrick-method 
[35]) (./Rd2.aux)

LaTeX Font Warning: Some font shapes were not available, defaults substituted.

 )
(see the transcript file for additional information)pdfTeX warning (dest): name
{Rfn.writeRaster} has been referenced but does not exist, replaced by a fixed o
ne

pdfTeX warning (dest): name{Rfn.raster} has been referenced but does not exist,
 replaced by a fixed one

pdfTeX warning (dest): name{Rfn.RasterStack.Rdash.class} has been referenced bu
t does not exist, replaced by a fixed one

pdfTeX warning (dest): name{Rfn.auto.Rul.thresh} has been referenced but does n
ot exist, replaced by a fixed one

pdfTeX warning (dest): name{Rfn.Raster.Rdash.class} has been referenced but doe
s not exist, replaced by a fixed one

pdfTeX warning (dest): name{Rfn.surf.ls} has been referenced but does not exist
, replaced by a fixed one

pdfTeX warning (dest): name{Rfn.aggregate} has been referenced but does not exi
st, replaced by a fixed one

pdfTeX warning (dest): name{Rfn.lm} has been referenced but does not exist, rep
laced by a fixed one

pdfTeX warning (dest): name{Rfn.detectCores} has been referenced but does not e
xist, replaced by a fixed one

pdfTeX warning (dest): name{Rfn.quantile} has been referenced but does not exis
t, replaced by a fixed one

pdfTeX warning (dest): name{Rfn.color.Rdash.class} has been referenced but does
 not exist, replaced by a fixed one

pdfTeX warning (dest): name{Rfn.RasterBrick.Rdash.class} has been referenced bu
t does not exist, replaced by a fixed one

pdfTeX warning (dest): name{Rfn.RasterLayer.Rdash.class} has been referenced bu
t does not exist, replaced by a fixed one

{c:/Users/gdiaz/AppData/Roaming/TinyTeX/texmf-dist/fonts/enc/dvips/inconsolata/
i4-ts1.enc} <c:/Users/gdiaz/Documents/.TinyTeX/texmf-var/fonts/pk/ljfour/jknapp
en/ec/tcrm1000.600pk>{c:/Users/gdiaz/AppData/Roaming/TinyTeX/texmf-dist/fonts/e
nc/dvips/inconsolata/i4-ot1-0.enc}<c:/Users/gdiaz/AppData/Roaming/TinyTeX/texmf
-dist/fonts/type1/public/inconsolata/Inconsolata-zi4r.pfb><c:/Users/gdiaz/AppDa
ta/Roaming/TinyTeX/texmf-dist/fonts/type1/public/amsfonts/cm/cmb10.pfb><c:/User
s/gdiaz/AppData/Roaming/TinyTeX/texmf-dist/fonts/type1/public/amsfonts/cm/cmbx1
0.pfb><c:/Users/gdiaz/AppData/Roaming/TinyTeX/texmf-dist/fonts/type1/public/ams
fonts/cm/cmbx12.pfb><c:/Users/gdiaz/AppData/Roaming/TinyTeX/texmf-dist/fonts/ty
pe1/public/amsfonts/cm/cmmi10.pfb><c:/Users/gdiaz/AppData/Roaming/TinyTeX/texmf
-dist/fonts/type1/public/amsfonts/cm/cmr10.pfb><c:/Users/gdiaz/AppData/Roaming/
TinyTeX/texmf-dist/fonts/type1/public/amsfonts/cm/cmr12.pfb><c:/Users/gdiaz/App
Data/Roaming/TinyTeX/texmf-dist/fonts/type1/public/amsfonts/cm/cmr7.pfb><c:/Use
rs/gdiaz/AppData/Roaming/TinyTeX/texmf-dist/fonts/type1/public/amsfonts/cm/cmsl
10.pfb><c:/Users/gdiaz/AppData/Roaming/TinyTeX/texmf-dist/fonts/type1/public/am
sfonts/cm/cmss12.pfb><c:/Users/gdiaz/AppData/Roaming/TinyTeX/texmf-dist/fonts/t
ype1/public/amsfonts/cm/cmsy10.pfb><c:/Users/gdiaz/AppData/Roaming/TinyTeX/texm
f-dist/fonts/type1/public/amsfonts/cm/cmti10.pfb>
Output written on Rd2.pdf (35 pages, 288447 bytes).
Transcript written on Rd2.log.
Saving output to 'rcaiman-manual.pdf' ...
Done
You may want to clean up by 'rm -Rf C:/Users/gdiaz/AppData/Local/Temp/Rtmp0wJ8c9/Rd2pdf34b4416e5c5a'
